
  ___  ____  ____  ____  ____ (R)
 /__    /   ____/   /   ____/
___/   /   /___/   /   /___/   16.0   Copyright 1985-2019 StataCorp LLC
  Statistics/Data Analysis            StataCorp
                                      4905 Lakeway Drive
     Special Edition                  College Station, Texas 77845 USA
                                      800-STATA-PC        http://www.stata.com
                                      979-696-4600        stata@stata.com
                                      979-696-4601 (fax)

50-user Stata network perpetual license:
       Serial number:  401606225578
         Licensed to:  RUC
                       Renmin University of China

Notes:
      1.  Stata is running in batch mode.
      2.  Unicode is supported; see help unicode_advice.
      3.  Maximum number of variables is set to 5000; see help set_maxvar.

. do C:\Users\26566\AppData\Local\Temp\run_L3_Clustering_MonteCarlo.do 

. cd "C:\Users\26566\Desktop\陈老师课间\econ-research-methods-master\2026Spring
> \Labs"
C:\Users\26566\Desktop\陈老师课间\econ-research-methods-master\2026Spring\Labs

. set more off

. 
. // --- Notebook code cell 3 ---
. clear all

. set more off

. set seed 20260516

. 
. * 安装必要包
. capture ssc install ftools

. capture ssc install reghdfe

. capture ssc install boottest

. capture ssc install estout

. 
. // --- Notebook code cell 5 ---
. capture program drop gen_panel

. program define gen_panel
  1.     syntax, [n(integer 500) t(integer 10) rho(real 0.8) te(real 0.0) seed(
> integer 0)]
  2.     clear
  3.     set seed `seed'
  4.     set obs `n'
  5.     gen unit = _n
  6.     gen unit_fe = rnormal(0, 1)
  7.     
.     * 随机选 1/5 的单位作为处理组
.     gen u = runiform()
  8.     sort u
  9.     gen treated = (_n <= `n' / 5)
 10.     drop u
 11.     
.     expand `t'
 12.     bysort unit: gen t = _n
 13.     
.     * 时间效应
.     sort t unit
 14.     by t: gen time_fe = rnormal(0, 0.5) if _n == 1
 15.     by t: replace time_fe = time_fe[1]
 16.     
.     * AR(1) 误差：eps_it = rho * eps_{i,t-1} + u_it
.     xtset unit t
 17.     gen eps = .
 18.     by unit (t): replace eps = rnormal(0, 1) if _n == 1
 19.     by unit (t): replace eps = `rho' * eps[_n-1] + rnormal(0, 1) if _n > 1
 20.     
.     * 处理指示与结果
.     gen D = (treated == 1 & t >= 5)
 21.     gen Y = unit_fe + time_fe + `te' * D + eps
 22. end

. 
. // --- Notebook code cell 7 ---
. gen_panel, n(500) t(10) rho(0.8) te(0.0) seed(42)
number of observations (_N) was 0, now 500
(4,500 observations created)
(4,990 missing values generated)
(4,990 real changes made)
       panel variable:  unit (strongly balanced)
        time variable:  t, 1 to 10
                delta:  1 unit
(5,000 missing values generated)
(500 real changes made)
(4,500 real changes made)

. 
. * iid 标准误
. reghdfe Y D, absorb(unit t)
(MWFE estimator converged in 2 iterations)

HDFE Linear regression                            Number of obs   =      5,000
Absorbing 2 HDFE groups                           F(   1,   4490) =       0.08
                                                  Prob > F        =     0.7770
                                                  R-squared       =     0.6832
                                                  Adj R-squared   =     0.6473
                                                  Within R-sq.    =     0.0000
                                                  Root MSE        =     1.1299

------------------------------------------------------------------------------
           Y |      Coef.   Std. Err.      t    P>|t|     [95% Conf. Interval]
-------------+----------------------------------------------------------------
           D |  -.0230952   .0815461    -0.28   0.777    -.1829657    .1367754
       _cons |  -.1470733   .0187379    -7.85   0.000    -.1838088   -.1103379
------------------------------------------------------------------------------

Absorbed degrees of freedom:
-----------------------------------------------------+
 Absorbed FE | Categories  - Redundant  = Num. Coefs |
-------------+---------------------------------------|
        unit |       500           0         500     |
           t |        10           1           9     |
-----------------------------------------------------+

. estimates store m_iid

. 
. * Robust (HC1)
. reghdfe Y D, absorb(unit t) vce(robust)
(MWFE estimator converged in 2 iterations)

HDFE Linear regression                            Number of obs   =      5,000
Absorbing 2 HDFE groups                           F(   1,   4490) =       0.08
                                                  Prob > F        =     0.7777
                                                  R-squared       =     0.6832
                                                  Adj R-squared   =     0.6473
                                                  Within R-sq.    =     0.0000
                                                  Root MSE        =     1.1299

------------------------------------------------------------------------------
             |               Robust
           Y |      Coef.   Std. Err.      t    P>|t|     [95% Conf. Interval]
-------------+----------------------------------------------------------------
           D |  -.0230952   .0817857    -0.28   0.778    -.1834353     .137245
       _cons |  -.1470733   .0188276    -7.81   0.000    -.1839846    -.110162
------------------------------------------------------------------------------

Absorbed degrees of freedom:
-----------------------------------------------------+
 Absorbed FE | Categories  - Redundant  = Num. Coefs |
-------------+---------------------------------------|
        unit |       500           0         500     |
           t |        10           1           9     |
-----------------------------------------------------+

. estimates store m_hc

. 
. * 按单位聚类
. reghdfe Y D, absorb(unit t) vce(cluster unit)
(MWFE estimator converged in 2 iterations)

HDFE Linear regression                            Number of obs   =      5,000
Absorbing 2 HDFE groups                           F(   1,    499) =       0.02
Statistics robust to heteroskedasticity           Prob > F        =     0.8771
                                                  R-squared       =     0.6832
                                                  Adj R-squared   =     0.6473
                                                  Within R-sq.    =     0.0000
Number of clusters (unit)    =        500         Root MSE        =     1.1299

                                 (Std. Err. adjusted for 500 clusters in unit)
------------------------------------------------------------------------------
             |               Robust
           Y |      Coef.   Std. Err.      t    P>|t|     [95% Conf. Interval]
-------------+----------------------------------------------------------------
           D |  -.0230952   .1492584    -0.15   0.877    -.3163475    .2701571
       _cons |  -.1470733    .017911    -8.21   0.000    -.1822636    -.111883
------------------------------------------------------------------------------

Absorbed degrees of freedom:
-----------------------------------------------------+
 Absorbed FE | Categories  - Redundant  = Num. Coefs |
-------------+---------------------------------------|
        unit |       500         500           0    *|
           t |        10           1           9     |
-----------------------------------------------------+
* = FE nested within cluster; treated as redundant for DoF computation

. estimates store m_cl

. 
. esttab m_iid m_hc m_cl, star(* 0.10 ** 0.05 *** 0.01) ///
>     stats(N r2) mtitles("iid" "HC1" "Cluster") b(3) se(3)

------------------------------------------------------------
                      (1)             (2)             (3)   
                      iid             HC1         Cluster   
------------------------------------------------------------
D                  -0.023          -0.023          -0.023   
                  (0.082)         (0.082)         (0.149)   

_cons              -0.147***       -0.147***       -0.147***
                  (0.019)         (0.019)         (0.018)   
------------------------------------------------------------
N                5000.000        5000.000        5000.000   
r2                  0.683           0.683           0.683   
------------------------------------------------------------
Standard errors in parentheses
* p<0.10, ** p<0.05, *** p<0.01

. 
. // --- Notebook code cell 9 ---
. postfile mcresults rep p_iid p_hc p_cl using mc_cluster.dta, replace

. 
. local nreps = 300

. forvalues r = 1/`nreps' {
  2.     quietly {
  3.         gen_panel, n(500) t(10) rho(0.8) te(0.0) seed(`r')
  4.         
.         reghdfe Y D, absorb(unit t)
  5.         local p_iid = 2 * ttail(e(df_r), abs(_b[D] / _se[D]))
  6.         
.         reghdfe Y D, absorb(unit t) vce(robust)
  7.         local p_hc = 2 * ttail(e(df_r), abs(_b[D] / _se[D]))
  8.         
.         reghdfe Y D, absorb(unit t) vce(cluster unit)
  9.         local p_cl = 2 * ttail(e(df_r), abs(_b[D] / _se[D]))
 10.     }
 11.     post mcresults (`r') (`p_iid') (`p_hc') (`p_cl')
 12.     if mod(`r', 50) == 0 display "完成 `r' / `nreps'"
 13. }
完成 50 / 300
完成 100 / 300
完成 150 / 300
完成 200 / 300
完成 250 / 300
完成 300 / 300

. postclose mcresults

. 
. use mc_cluster.dta, clear

. foreach se in iid hc cl {
  2.     gen reject_`se' = (p_`se' < 0.05)
  3.     quietly summarize reject_`se', meanonly
  4.     display "标准误类型 `se': 拒绝率 = " %5.1f r(mean) * 100 "%"
  5. }
标准误类型 iid: 拒绝率 =  28.7%
标准误类型 hc: 拒绝率 =  29.3%
标准误类型 cl: 拒绝率 =   6.3%

. 
. // --- Notebook code cell 12 ---
. * 跑三组 ρ 的 MC
. postfile rho_results rho p_iid p_cl using mc_rho.dta, replace

. 
. foreach rho_val in 0.0 0.4 0.8 {
  2.     forvalues r = 1/100 {
  3.         quietly {
  4.             gen_panel, n(500) t(10) rho(`rho_val') te(0.0) seed(`r')
  5.             reghdfe Y D, absorb(unit t)
  6.             local p_iid = 2 * ttail(e(df_r), abs(_b[D] / _se[D]))
  7.             reghdfe Y D, absorb(unit t) vce(cluster unit)
  8.             local p_cl = 2 * ttail(e(df_r), abs(_b[D] / _se[D]))
  9.         }
 10.         post rho_results (`rho_val') (`p_iid') (`p_cl')
 11.     }
 12. }

. postclose rho_results

. 
. use mc_rho.dta, clear

. gen reject_iid = (p_iid < 0.05)

. gen reject_cl  = (p_cl  < 0.05)

. collapse (mean) reject_iid reject_cl, by(rho)

. format reject_iid reject_cl %6.3f

. list rho reject_iid reject_cl, noobs

  +---------------------------+
  | rho   reject~d   reject~l |
  |---------------------------|
  |   0      0.040      0.030 |
  |  .4      0.140      0.030 |
  |  .8      0.200      0.050 |
  +---------------------------+

. 
. // --- Notebook code cell 14 ---
. * 只保留前 30 个单位（模拟小 G 情境）
. gen_panel, n(30) t(10) rho(0.8) te(0.0) seed(42)
number of observations (_N) was 0, now 30
(270 observations created)
(290 missing values generated)
(290 real changes made)
       panel variable:  unit (strongly balanced)
        time variable:  t, 1 to 10
                delta:  1 unit
(300 missing values generated)
(30 real changes made)
(270 real changes made)

. 
. reghdfe Y D, absorb(unit t) vce(cluster unit)
(MWFE estimator converged in 2 iterations)

HDFE Linear regression                            Number of obs   =        300
Absorbing 2 HDFE groups                           F(   1,     29) =       3.63
Statistics robust to heteroskedasticity           Prob > F        =     0.0668
                                                  R-squared       =     0.7138
                                                  Adj R-squared   =     0.6708
                                                  Within R-sq.    =     0.0261
Number of clusters (unit)    =         30         Root MSE        =     1.0442

                                  (Std. Err. adjusted for 30 clusters in unit)
------------------------------------------------------------------------------
             |               Robust
           Y |      Coef.   Std. Err.      t    P>|t|     [95% Conf. Interval]
-------------+----------------------------------------------------------------
           D |   .8121822   .4263737     1.90   0.067      -.05985    1.684214
       _cons |   .3455495   .0511648     6.75   0.000     .2409056    .4501934
------------------------------------------------------------------------------

Absorbed degrees of freedom:
-----------------------------------------------------+
 Absorbed FE | Categories  - Redundant  = Num. Coefs |
-------------+---------------------------------------|
        unit |        30          30           0    *|
           t |        10           1           9     |
-----------------------------------------------------+
* = FE nested within cluster; treated as redundant for DoF computation

. 
. * Wild Cluster Bootstrap（999 次）
. * boottest 在 Stata 16 中不能直接接在吸收多组固定效应的 reghdfe 后面；
. * 小样本示例中改用显式单位和时间虚拟变量，结果与双向固定效应设定一致。
. regress Y D i.unit i.t, vce(cluster unit)

Linear regression                               Number of obs     =        300
                                                F(9, 29)          =          .
                                                Prob > F          =          .
                                                R-squared         =     0.7138
                                                Root MSE          =     1.0442

                                  (Std. Err. adjusted for 30 clusters in unit)
------------------------------------------------------------------------------
             |               Robust
           Y |      Coef.   Std. Err.      t    P>|t|     [95% Conf. Interval]
-------------+----------------------------------------------------------------
           D |   .8121822   .4495238     1.81   0.081    -.1071972    1.731562
             |
        unit |
          2  |   .0783702   .2697143     0.29   0.773    -.4732575    .6299978
          3  |   1.067666   .2697143     3.96   0.000     .5160387    1.619294
          4  |   1.461957   .2697143     5.42   0.000     .9103295    2.013585
          5  |   -.701367   .2697143    -2.60   0.015    -1.252995   -.1497394
          6  |    1.57159   .2697143     5.83   0.000     1.019962    2.123217
          7  |   3.073686   .2697143    11.40   0.000     2.522058    3.625313
          8  |   3.100913   7.13e-15  4.3e+14   0.000     3.100913    3.100913
          9  |   1.612857   .2697143     5.98   0.000     1.061229    2.164484
         10  |   2.110773   6.99e-15  3.0e+14   0.000     2.110773    2.110773
         11  |   .8478338   .2697143     3.14   0.004     .2962062    1.399461
         12  |   .8437711   .2697143     3.13   0.004     .2921435    1.395399
         13  |  -1.943015   6.98e-15 -2.8e+14   0.000    -1.943015   -1.943015
         14  |   2.076557   .2697143     7.70   0.000     1.524929    2.628185
         15  |  -.2328728   .2697143    -0.86   0.395    -.7845004    .3187548
         16  |  -.2249609   6.98e-15 -3.2e+13   0.000    -.2249609   -.2249609
         17  |   .9268893   .2697143     3.44   0.002     .3752617    1.478517
         18  |   1.973283   6.97e-15  2.8e+14   0.000     1.973283    1.973283
         19  |   5.247179   .2697143    19.45   0.000     4.695551    5.798807
         20  |   1.002015   .2697143     3.72   0.001      .450387    1.553642
         21  |  -1.201813   .2697143    -4.46   0.000    -1.753441   -.6501855
         22  |   .9018019   .2697143     3.34   0.002     .3501743     1.45343
         23  |   1.734282   .2697143     6.43   0.000     1.182654    2.285909
         24  |   .4416015   .2697143     1.64   0.112    -.1100262    .9932291
         25  |   1.289566   .2697143     4.78   0.000      .737938    1.841193
         26  |  -1.333108   .2697143    -4.94   0.000    -1.884736   -.7814805
         27  |   1.609338   .2697143     5.97   0.000      1.05771    2.160966
         28  |   1.939867   .2697143     7.19   0.000     1.388239    2.491495
         29  |   2.955333   .2697143    10.96   0.000     2.403706    3.506961
         30  |   .3083923   .2697143     1.14   0.262    -.2432353      .86002
             |
           t |
          2  |   .5828192    .207504     2.81   0.009     .1584258    1.007213
          3  |  -.1588631   .2323072    -0.68   0.499    -.6339846    .3162584
          4  |   .1328106    .254264     0.52   0.605    -.3872177    .6528388
          5  |  -.4397507   .2379258    -1.85   0.075    -.9263636    .0468623
          6  |   .4878734   .2961195     1.65   0.110     -.117759    1.093506
          7  |   -.281986   .3425296    -0.82   0.417    -.9825377    .4185657
          8  |  -1.078182   .3630006    -2.97   0.006    -1.820602   -.3357627
          9  |  -.1755195   .3211666    -0.55   0.589     -.832379    .4813401
         10  |  -.7762902   .3359413    -2.31   0.028    -1.463367   -.0892132
             |
       _cons |  -.5683545   .2617283    -2.17   0.038    -1.103649     -.03306
------------------------------------------------------------------------------

. boottest D, reps(999) cluster(unit) seed(20260516)

Overriding estimator's cluster/robust settings with cluster(unit)

Wild bootstrap-t, null imposed, 999 replications, Wald test, clustering by unit
> , bootstrap clustering by unit, Rademacher weights:
  D

                           t(29) =     1.8068
                        Prob>|t| =     0.1021

95% confidence set for null hypothesis expression: [−.361, 1.691]

. 
. // --- Notebook code cell 16 ---
. gen_panel, n(500) t(10) rho(0.8) te(0.0) seed(42)
number of observations (_N) was 0, now 500
(4,500 observations created)
(4,990 missing values generated)
(4,990 real changes made)
       panel variable:  unit (strongly balanced)
        time variable:  t, 1 to 10
                delta:  1 unit
(5,000 missing values generated)
(500 real changes made)
(4,500 real changes made)

. 
. * 假设每 25 个单位构成一个"行业"
. gen industry = ceil(unit / 25)

. 
. reghdfe Y D, absorb(unit t) vce(cluster unit t)
(MWFE estimator converged in 2 iterations)
Warning: VCV matrix was non-positive semi-definite; adjustment from Cameron, Ge
> lbach & Miller applied.

HDFE Linear regression                            Number of obs   =      5,000
Absorbing 2 HDFE groups                           F(   1,      9) =       0.03
Statistics robust to heteroskedasticity           Prob > F        =     0.8769
                                                  R-squared       =     0.6832
                                                  Adj R-squared   =     0.6472
Number of clusters (unit)    =        500         Within R-sq.    =     0.0000
Number of clusters (t)       =         10         Root MSE        =     1.1301

                                (Std. Err. adjusted for 10 clusters in unit t)
------------------------------------------------------------------------------
             |               Robust
           Y |      Coef.   Std. Err.      t    P>|t|     [95% Conf. Interval]
-------------+----------------------------------------------------------------
           D |  -.0230952   .1449284    -0.16   0.877    -.3509459    .3047556
       _cons |  -.1470733   .0157841    -9.32   0.000    -.1827794   -.1113673
------------------------------------------------------------------------------

Absorbed degrees of freedom:
-----------------------------------------------------+
 Absorbed FE | Categories  - Redundant  = Num. Coefs |
-------------+---------------------------------------|
        unit |       500         500           0    *|
           t |        10          10           0    *|
-----------------------------------------------------+
* = FE nested within cluster; treated as redundant for DoF computation

. reghdfe Y D, absorb(unit t) vce(cluster unit industry)
(MWFE estimator converged in 2 iterations)
Warning: VCV matrix was non-positive semi-definite; adjustment from Cameron, Ge
> lbach & Miller applied.

HDFE Linear regression                            Number of obs   =      5,000
Absorbing 2 HDFE groups                           F(   1,     19) =       0.02
Statistics robust to heteroskedasticity           Prob > F        =     0.8881
                                                  R-squared       =     0.6832
                                                  Adj R-squared   =     0.6473
Number of clusters (unit)    =        500         Within R-sq.    =     0.0000
Number of clusters (industry) =         20        Root MSE        =     1.1299

                         (Std. Err. adjusted for 20 clusters in unit industry)
------------------------------------------------------------------------------
             |               Robust
           Y |      Coef.   Std. Err.      t    P>|t|     [95% Conf. Interval]
-------------+----------------------------------------------------------------
           D |  -.0230952   .1619596    -0.14   0.888    -.3620806    .3158902
       _cons |  -.1470733   .0194352    -7.57   0.000    -.1877516   -.1063951
------------------------------------------------------------------------------

Absorbed degrees of freedom:
-----------------------------------------------------+
 Absorbed FE | Categories  - Redundant  = Num. Coefs |
-------------+---------------------------------------|
        unit |       500         500           0    *|
           t |        10           1           9     |
-----------------------------------------------------+
* = FE nested within cluster; treated as redundant for DoF computation

. 
. exit, clear

end of do-file
